Arguments: 
  D:\development\nodejs\node.exe D:\development\yarn\bin\yarn.js

PATH: 
  C:\Program Files (x86)\Intel\Intel(R) Management Engine Components\iCLS\;C:\Program Files\Intel\Intel(R) Management Engine Components\iCLS\;C:\Windows\system32;C:\Windows;C:\Windows\System32\Wbem;C:\Windows\System32\WindowsPowerShell\v1.0\;C:\Windows\System32\OpenSSH\;C:\Program Files (x86)\NVIDIA Corporation\PhysX\Common;C:\Program Files\Intel\WiFi\bin\;C:\Program Files\Common Files\Intel\WirelessCommon\;C:\Program Files (x86)\Intel\Intel(R) Management Engine Components\DAL;C:\Program Files\Intel\Intel(R) Management Engine Components\DAL;C:\Program Files (x86)\Intel\Intel(R) Management Engine Components\IPT;C:\Program Files\Intel\Intel(R) Management Engine Components\IPT;D:\development\yarn\bin\;D:\development\git\Git\cmd;C:\Program Files\NVIDIA Corporation\NVIDIA NvDLISR;D:\development\svn\bin;C:\WINDOWS\system32;C:\WINDOWS;C:\WINDOWS\System32\Wbem;C:\WINDOWS\System32\WindowsPowerShell\v1.0\;C:\WINDOWS\System32\OpenSSH\;D:\development\nodejs\;C:\Users\admin\AppData\Local\Microsoft\WindowsApps;C:\Users\admin\AppData\Local\Yarn\bin;D:\development\yarn\bin;D:\development\mysql\AppServ\Apache2.2\bin;D:\development\mysql\AppServ\php5;D:\development\mysql\AppServ\MySQL\bin;D:\development\vscode\Microsoft VS Code\bin;D:\development\fiddlerSetup\Fiddler;C:\Users\admin\AppData\Local\Microsoft\WindowsApps;C:\Users\admin\AppData\Roaming\npm

Yarn version: 
  1.15.2

Node version: 
  12.22.1

Platform: 
  win32 x64

Trace: 
  Error: http://nexus.jusdaglobal.com/repository/npm-private/@babel%2fruntime: Package '@babel/runtime' not found
      at Request.params.callback [as _callback] (D:\development\yarn\lib\cli.js:65167:18)
      at Request.self.callback (D:\development\yarn\lib\cli.js:129541:22)
      at Request.emit (events.js:314:20)
      at Request.<anonymous> (D:\development\yarn\lib\cli.js:130513:10)
      at Request.emit (events.js:314:20)
      at IncomingMessage.<anonymous> (D:\development\yarn\lib\cli.js:130435:12)
      at Object.onceWrapper (events.js:420:28)
      at IncomingMessage.emit (events.js:326:22)
      at endReadableNT (_stream_readable.js:1241:12)
      at processTicksAndRejections (internal/process/task_queues.js:84:21)

npm manifest: 
  {
    "name": "@jusda-tools/jusda-upload",
    "version": "0.0.2",
    "description": "上传组件",
    "main": "dist/index.js",
    "sideEffects": false,
    "scripts": {
      "clean": "rimraf ./dist",
      "test": "echo Error: missing tests",
      "build:dev": "npm run clean && webpack --config ./config/webpack.dev.js",
      "build": "npm run clean && webpack --config ./config/webpack.prod.js"
    },
    "author": "lqy",
    "license": "MIT",
    "repository": {
      "type": "git",
      "url": "git://github.com/wenfuchao/user-control-panel.git"
    },
    "bugs": {
      "url": "https://github.com/wenfuchao/user-control-panel/issues"
    },
    "files": [
      "/dist",
      "/src",
      "/types"
    ],
    "types": "./types/index.d.ts",
    "engines": {
      "node": ">= 0.12.0"
    },
    "devDependencies": {
      "@babel/cli": "7.1.5",
      "@babel/core": "^7.1.2",
      "@babel/plugin-proposal-class-properties": "^7.8.3",
      "@babel/plugin-transform-runtime": "^7.1.0",
      "@babel/preset-env": "^7.1.0",
      "@babel/preset-react": "^7.9.4",
      "@js-lib/cli": "^1.6.0",
      "@soda/friendly-errors-webpack-plugin": "^1.7.1",
      "babel-eslint": "^8.2.6",
      "babel-loader": "^8.1.0",
      "babel-plugin-import": "^1.13.0",
      "babel-plugin-transform-decorators-legacy": "^1.3.5",
      "cross-env": "5.2.0",
      "css-loader": "^3.5.2",
      "es5-shim": "4.5.10",
      "eslint": "^5.15.1",
      "eslint-config-airbnb": "^18.0.1",
      "eslint-plugin-flowtype": "^2.50.0",
      "eslint-plugin-import": "^2.14.0",
      "eslint-plugin-jsx-a11y": "^5.1.1",
      "eslint-plugin-react": "^7.11.1",
      "less": "^3.11.1",
      "less-loader": "^5.0.0",
      "mini-css-extract-plugin": "^0.9.0",
      "rimraf": "2.6.2",
      "style-loader": "^1.2.0",
      "uglifyjs-webpack-plugin": "^2.2.0",
      "webpack": "^4.43.0",
      "webpack-cli": "^3.3.11",
      "webpack-merge": "^4.2.2",
      "webpackbar": "^4.0.0"
    },
    "dependencies": {
      "@babel/runtime": "^7.1.2",
      "@jusda-tools/component-base-config-tools": "0.1.2",
      "@jusda-tools/web-api-client": "0.0.5",
      "antd": "4.2.0",
      "react-intl-universal": "2.2.2"
    },
    "gitHead": "9fab5273e40e0b52d8f6a9754d7d9a617f8d5662"
  }

yarn manifest: 
  No manifest

Lockfile: 
  No lockfile
