Arguments: 
  /usr/local/bin/node /usr/local/bin/yarn install

PATH: 
  /opt/homebrew/bin:/opt/homebrew/sbin:/Users/chentao_1/.cargo/bin:/usr/local/bin:/usr/bin:/bin:/usr/sbin:/sbin:/Library/Apple/usr/bin:/Library/Frameworks/Mono.framework/Versions/Current/Commands:/Users/chentao_1/Desktop/中台项目/dumi/node_modules/.bin:/Users/chentao/Desktop/Flutter/bin:/usr/local/bin:/usr/bin:/bin:/usr/sbin:/sbin:/Library/Apple/usr/bin:/Library/Frameworks/Mono.framework/Versions/Current/Commands:/Users/chentao_1/Desktop/中台项目/dumi/node_modules/.bin

Yarn version: 
  1.22.4

Node version: 
  14.17.0

Platform: 
  darwin x64

Trace: 
  SyntaxError: /Users/chentao_1/Desktop/中台项目/dumi/packages/cascader/package.json: Unexpected token , in JSON at position 1716
      at JSON.parse (<anonymous>)
      at /usr/local/lib/node_modules/yarn/lib/cli.js:1625:59
      at Generator.next (<anonymous>)
      at step (/usr/local/lib/node_modules/yarn/lib/cli.js:310:30)
      at /usr/local/lib/node_modules/yarn/lib/cli.js:321:13

npm manifest: 
  {
    "name": "@jusda-tools/cascader",
    "version": "0.0.1",
    "description": "",
    "main": "./dist/index.js",
    "types": "./types/src/index.d.ts",
    "scripts": {
      "clean": "rimraf ./dist",
      "test": "echo \"Error: no test specified\" && exit 1",
      "build": "npm run clean && tsc && rollup -c config/rollup.config.js",
      "build:css": "npm run clean && rollup -c config/rollup.config.js && node main.js",
      "prepublish": "npm run build"
    },
    "files": [
      "/dist",
      "/src",
      "/types"
    ],
    "author": "",
    "license": "ISC",
    "devDependencies": {
      "@babel/core": "^7.15.5",
      "@babel/helper-module-imports": "^7.15.4",
      "@babel/plugin-proposal-class-properties": "^7.14.5",
      "@babel/plugin-transform-runtime": "^7.15.0",
      "@babel/preset-env": "^7.15.4",
      "@babel/preset-react": "^7.14.5",
      "@babel/preset-typescript": "^7.15.0",
      "@rollup/plugin-babel": "^5.3.0",
      "@rollup/plugin-commonjs": "^20.0.0",
      "@rollup/plugin-json": "^4.1.0",
      "@rollup/plugin-node-resolve": "^13.0.4",
      "@sixian/css-url": "^1.0.3",
      "@types/node": "17.0.40",
      "autoprefixer": "^10.3.4",
      "babel-plugin-import-style": "^0.0.1",
      "cssnano": "^5.0.8",
      "less": "3.11.1",
      "postcss": "^8.3.6",
      "postcss-import": "^14.0.2",
      "postcss-nested": "^5.0.6",
      "postcss-preset-env": "^6.7.0",
      "rimraf": "^3.0.2",
      "rollup": "^2.57.0",
      "rollup-plugin-img": "^1.1.0",
      "rollup-plugin-postcss": "4.0.1",
      "rollup-plugin-sizes": "^1.0.4",
      "rollup-plugin-typescript2": "^0.30.0",
      "rollup-plugins-csc-images": "^1.0.1",
      "typescript": "^4.4.3",
      "umi": "3.5.32"
    },
    "dependencies": {
      "@jusda-tools/language-control-panel": "0.3.16"
    }
  },

yarn manifest: 
  No manifest

Lockfile: 
  No lockfile
